[{'_base_': ['_base_/default_runtime.py', '_base_/models/daformer_sepaspp_proj_mitb5.py', '_base_/datasets/uda_zerov1_to_zerov2_640x640.py', '_base_/uda/dacs_sepico.py', '_base_/schedules/adamw.py', '_base_/schedules/poly10warm.py'], 'n_gpus': 1, 'seed': 42, 'model': {'pretrained': 'pretrained/mit_b5.pth', 'backbone': {'type': 'mit_b5'}, 'decode_head': {}, 'auxiliary_head': {'in_channels': [64, 128, 320, 512], 'in_index': [0, 1, 2, 3], 'input_transform': 'resize_concat', 'channels': 512, 'num_convs': 2, 'loss_decode': {'use_dist': True, 'use_bank': False, 'use_reg': True, 'use_avg_pool': True, 'scale_min_ratio': 0.75, 'contrast_temp': 100.0, 'loss_weight': 0.01, 'reg_relative_weight': 0.001}}}, 'data': {'samples_per_gpu': 2, 'workers_per_gpu': 4, 'train': {}}, 'uda': {'pseudo_weight_ignore_top': 15, 'pseudo_weight_ignore_bottom': 120, 'start_distribution_iter': 3000, 'enable_self_training': True}, 'optimizer_config': None, 'optimizer': {'lr': 6e-05, 'paramwise_cfg': {'custom_keys': {'head': {'lr_mult': 10.0}, 'pos_block': {'decay_mult': 0.0}, 'norm': {'decay_mult': 0.0}}}}, 'runner': {'type': 'IterBasedRunner', 'max_iters': 40000}, 'checkpoint_config': {'by_epoch': False, 'interval': 40000, 'max_keep_ckpts': 1}, 'evaluation': {'interval': 4000, 'metric': 'mIoU'}, 'exp': 1, 'name_dataset': 'zerov12zerov2', 'name_architecture': 'daformer_sepaspp_proj_mitb5', 'name_encoder': 'mitb5', 'name_decoder': 'daformer_sepaspp_proj', 'name_uda': 'dacs_sepico_DistCL-reg-w1e-05-start-iter3000-tau100.0-l[0, 1, 2, 3]-w0.01_cpl_self', 'name_opt': 'adamw_6e-05_pmTrue_poly10warm_1x2_40k', 'name': 'daformer_sepaspp_proj_mitb5_dacs_sepico_DistCL-reg-w1e-05-start-iter3000-tau100.0-l[0, 1, 2, 3]-w0.01_cpl_self_adamw_6e-05_pmT_poly10warm_1x2_40k_zerov12zerov2_seed42'}, {'_base_': ['_base_/default_runtime.py', '_base_/models/daformer_sepaspp_proj_mitb5.py', '_base_/datasets/uda_zerov1_to_zerov2_640x640.py', '_base_/uda/dacs_sepico.py', '_base_/schedules/adamw.py', '_base_/schedules/poly10warm.py'], 'n_gpus': 1, 'seed': 6926, 'model': {'pretrained': 'pretrained/mit_b5.pth', 'backbone': {'type': 'mit_b5'}, 'decode_head': {}, 'auxiliary_head': {'in_channels': [64, 128, 320, 512], 'in_index': [0, 1, 2, 3], 'input_transform': 'resize_concat', 'channels': 512, 'num_convs': 2, 'loss_decode': {'use_dist': True, 'use_bank': False, 'use_reg': True, 'use_avg_pool': True, 'scale_min_ratio': 0.75, 'contrast_temp': 100.0, 'loss_weight': 0.01, 'reg_relative_weight': 0.001}}}, 'data': {'samples_per_gpu': 2, 'workers_per_gpu': 4, 'train': {}}, 'uda': {'pseudo_weight_ignore_top': 15, 'pseudo_weight_ignore_bottom': 120, 'start_distribution_iter': 3000, 'enable_self_training': True}, 'optimizer_config': None, 'optimizer': {'lr': 6e-05, 'paramwise_cfg': {'custom_keys': {'head': {'lr_mult': 10.0}, 'pos_block': {'decay_mult': 0.0}, 'norm': {'decay_mult': 0.0}}}}, 'runner': {'type': 'IterBasedRunner', 'max_iters': 40000}, 'checkpoint_config': {'by_epoch': False, 'interval': 40000, 'max_keep_ckpts': 1}, 'evaluation': {'interval': 4000, 'metric': 'mIoU'}, 'exp': 1, 'name_dataset': 'zerov12zerov2', 'name_architecture': 'daformer_sepaspp_proj_mitb5', 'name_encoder': 'mitb5', 'name_decoder': 'daformer_sepaspp_proj', 'name_uda': 'dacs_sepico_DistCL-reg-w1e-05-start-iter3000-tau100.0-l[0, 1, 2, 3]-w0.01_cpl_self', 'name_opt': 'adamw_6e-05_pmTrue_poly10warm_1x2_40k', 'name': 'daformer_sepaspp_proj_mitb5_dacs_sepico_DistCL-reg-w1e-05-start-iter3000-tau100.0-l[0, 1, 2, 3]-w0.01_cpl_self_adamw_6e-05_pmT_poly10warm_1x2_40k_zerov12zerov2_seed6926'}, {'_base_': ['_base_/default_runtime.py', '_base_/models/daformer_sepaspp_proj_mitb5.py', '_base_/datasets/uda_zerov1_to_zerov2_640x640.py', '_base_/uda/dacs_sepico.py', '_base_/schedules/adamw.py', '_base_/schedules/poly10warm.py'], 'n_gpus': 1, 'seed': 65535, 'model': {'pretrained': 'pretrained/mit_b5.pth', 'backbone': {'type': 'mit_b5'}, 'decode_head': {}, 'auxiliary_head': {'in_channels': [64, 128, 320, 512], 'in_index': [0, 1, 2, 3], 'input_transform': 'resize_concat', 'channels': 512, 'num_convs': 2, 'loss_decode': {'use_dist': True, 'use_bank': False, 'use_reg': True, 'use_avg_pool': True, 'scale_min_ratio': 0.75, 'contrast_temp': 100.0, 'loss_weight': 0.01, 'reg_relative_weight': 0.001}}}, 'data': {'samples_per_gpu': 2, 'workers_per_gpu': 4, 'train': {}}, 'uda': {'pseudo_weight_ignore_top': 15, 'pseudo_weight_ignore_bottom': 120, 'start_distribution_iter': 3000, 'enable_self_training': True}, 'optimizer_config': None, 'optimizer': {'lr': 6e-05, 'paramwise_cfg': {'custom_keys': {'head': {'lr_mult': 10.0}, 'pos_block': {'decay_mult': 0.0}, 'norm': {'decay_mult': 0.0}}}}, 'runner': {'type': 'IterBasedRunner', 'max_iters': 40000}, 'checkpoint_config': {'by_epoch': False, 'interval': 40000, 'max_keep_ckpts': 1}, 'evaluation': {'interval': 4000, 'metric': 'mIoU'}, 'exp': 1, 'name_dataset': 'zerov12zerov2', 'name_architecture': 'daformer_sepaspp_proj_mitb5', 'name_encoder': 'mitb5', 'name_decoder': 'daformer_sepaspp_proj', 'name_uda': 'dacs_sepico_DistCL-reg-w1e-05-start-iter3000-tau100.0-l[0, 1, 2, 3]-w0.01_cpl_self', 'name_opt': 'adamw_6e-05_pmTrue_poly10warm_1x2_40k', 'name': 'daformer_sepaspp_proj_mitb5_dacs_sepico_DistCL-reg-w1e-05-start-iter3000-tau100.0-l[0, 1, 2, 3]-w0.01_cpl_self_adamw_6e-05_pmT_poly10warm_1x2_40k_zerov12zerov2_seed65535'}]
Total Trainable Params: 85.55M
--------------------
Encoder mitb5:
Total Trainable Params: 81.44M
Decoder daformer_sepaspp_proj:
Total Trainable Params: 3.71M
Projector daformer_sepaspp_proj:
Total Trainable Params: 394.75K
Total Trainable Params: 85.55M
--------------------
Encoder mitb5:
Total Trainable Params: 81.44M
Decoder daformer_sepaspp_proj:
Total Trainable Params: 3.71M
Projector daformer_sepaspp_proj:
Total Trainable Params: 394.75K
Total Trainable Params: 85.55M
--------------------
Encoder mitb5:
Total Trainable Params: 81.44M
Decoder daformer_sepaspp_proj:
Total Trainable Params: 3.71M
Projector daformer_sepaspp_proj:
Total Trainable Params: 394.75K
Total Trainable Params: 85.55M